Added Component: Designator=C1(C_6.3x12)
Add component (AddParameter): Name = "Code"; Value = "1402-225"; VariantName = "[No Variations]"
Added Component: Designator=C2(C_0805_SMD)
Add component (AddParameter): Name = "Code"; Value = "1438-080"; VariantName = "[No Variations]"
Added Component: Designator=C3(C5mm)
Add component (AddParameter): Name = "Code"; Value = "1402-103"; VariantName = "[No Variations]"
Added Component: Designator=C4(C5mm)
Add component (AddParameter): Name = "Code"; Value = "1402-103"; VariantName = "[No Variations]"
Added Component: Designator=C5(C_0805_SMD)
Add component (AddParameter): Name = "Code"; Value = "1438-080"; VariantName = "[No Variations]"
Added Component: Designator=C6(C_0805_SMD)
Add component (AddParameter): Name = "Code"; Value = "1438-080"; VariantName = "[No Variations]"
Added Component: Designator=C7(C_0805_SMD)
Add component (AddParameter): Name = "Code"; Value = "1438-056"; VariantName = "[No Variations]"
Added Component: Designator=C8(C10mm)
Add component (AddParameter): Name = "Code"; Value = "1402-231"; VariantName = "[No Variations]"
Added Component: Designator=C9(C_0805_SMD)
Add component (AddParameter): Name = "Code"; Value = "1438-080"; VariantName = "[No Variations]"
Added Component: Designator=C10(C8X12mm)
Add component (AddParameter): Name = "Code"; Value = "1402-228"; VariantName = "[No Variations]"
Added Component: Designator=C11(C_0805_SMD)
Add component (AddParameter): Name = "Code"; Value = "1438-080"; VariantName = "[No Variations]"
Added Component: Designator=C12(C5mm)
Add component (AddParameter): Name = "Code"; Value = "1402-103"; VariantName = "[No Variations]"
Added Component: Designator=C13(C5mm)
Add component (AddParameter): Name = "Code"; Value = "1402-103"; VariantName = "[No Variations]"
Added Component: Designator=C14(C_0805_SMD)
Add component (AddParameter): Name = "Code"; Value = "1438-080"; VariantName = "[No Variations]"
Added Component: Designator=C15(C_0805_SMD)
Add component (AddParameter): Name = "Code"; Value = "1438-080"; VariantName = "[No Variations]"
Added Component: Designator=C16(C5mm)
Add component (AddParameter): Name = "Code"; Value = "1402-103"; VariantName = "[No Variations]"
Added Component: Designator=C17(C5mm)
Add component (AddParameter): Name = "Code"; Value = "1402-103"; VariantName = "[No Variations]"
Added Component: Designator=C18(C_0805_SMD)
Add component (AddParameter): Name = "Code"; Value = "1438-080"; VariantName = "[No Variations]"
Added Component: Designator=C19(C_0805_SMD)
Add component (AddParameter): Name = "Code"; Value = "1438-080"; VariantName = "[No Variations]"
Added Component: Designator=C20(C_0805_SMD)
Add component (AddParameter): Name = "Code"; Value = "1438-080"; VariantName = "[No Variations]"
Added Component: Designator=C21(C_0805_SMD)
Add component (AddParameter): Name = "Code"; Value = "1436-100"; VariantName = "[No Variations]"
Added Component: Designator=C22(C_0805_SMD)
Add component (AddParameter): Name = "Code"; Value = "1438-080"; VariantName = "[No Variations]"
Added Component: Designator=C23(C_0805_SMD)
Add component (AddParameter): Name = "Code"; Value = "1438-092"; VariantName = "[No Variations]"
Added Component: Designator=C24(C_0805_SMD)
Add component (AddParameter): Name = "Code"; Value = "1438-092"; VariantName = "[No Variations]"
Added Component: Designator=C26(C_0805_SMD)
Add component (AddParameter): Name = "Code"; Value = "1438-034"; VariantName = "[No Variations]"
Add component (AddParameter): Name = "Designed by"; Value = "TranLuyen"; VariantName = "[No Variations]"
Added Component: Designator=C27(C_0805_SMD)
Add component (AddParameter): Name = "Code"; Value = "1438-080"; VariantName = "[No Variations]"
Added Component: Designator=C28(C_0805_SMD)
Add component (AddParameter): Name = "Code"; Value = "1438-034"; VariantName = "[No Variations]"
Add component (AddParameter): Name = "Designed by"; Value = "TranLuyen"; VariantName = "[No Variations]"
Added Component: Designator=C29(C_0805_SMD)
Add component (AddParameter): Name = "Code"; Value = "1438-080"; VariantName = "[No Variations]"
Added Component: Designator=C30(C8X12mm)
Add component (AddParameter): Name = "Code"; Value = "1402-228"; VariantName = "[No Variations]"
Added Component: Designator=C31(C_0805_SMD)
Add component (AddParameter): Name = "Code"; Value = "1438-080"; VariantName = "[No Variations]"
Added Component: Designator=C32(C_6.3x12)
Add component (AddParameter): Name = "Code"; Value = "1402-225"; VariantName = "[No Variations]"
Added Component: Designator=C33(C_0805_SMD)
Add component (AddParameter): Name = "Code"; Value = "1438-080"; VariantName = "[No Variations]"
Added Component: Designator=D1(D_SMA)
Add component (AddParameter): Name = "Code"; Value = "2005-008"; VariantName = "[No Variations]"
Add component (AddParameter): Name = "Value"; Value = "SS34"; VariantName = "[No Variations]"
Added Component: Designator=D2(D_SMA)
Add component (AddParameter): Name = "Code"; Value = "2006-010"; VariantName = "[No Variations]"
Add component (AddParameter): Name = "ComponentLink1Description"; Value = "Datasheet"; VariantName = "[No Variations]"
Add component (AddParameter): Name = "ComponentLink1URL"; Value = "https://datasheet.octopart.com/SMAJ5.0AHE3-61-Vishay-datasheet-15599035.pdf"; VariantName = "[No Variations]"
Add component (AddParameter): Name = "Designed by"; Value = "TranLuyen"; VariantName = "[No Variations]"
Added Component: Designator=D3(D_SMA)
Add component (AddParameter): Name = "Code"; Value = "2005-008"; VariantName = "[No Variations]"
Added Component: Designator=D4(D_SMA)
Add component (AddParameter): Name = "Code"; Value = "2005-008"; VariantName = "[No Variations]"
Add component (AddParameter): Name = "Value"; Value = "SS34"; VariantName = "[No Variations]"
Added Component: Designator=D5(DO_241AC_SMA_MFG)
Add component (AddParameter): Name = "Code"; Value = "N/A"; VariantName = "[No Variations]"
Add component (AddParameter): Name = "Designed by"; Value = "TranLuyen"; VariantName = "[No Variations]"
Added Component: Designator=D6(D_SMA)
Add component (AddParameter): Name = "Code"; Value = "2005-008"; VariantName = "[No Variations]"
Add component (AddParameter): Name = "Value"; Value = "SS34"; VariantName = "[No Variations]"
Added Component: Designator=D7(SOD80C_MFG)
Add component (AddParameter): Name = "Code"; Value = "2001-012"; VariantName = "[No Variations]"
Add component (AddParameter): Name = "Designed by"; Value = "Nhox"; VariantName = "[No Variations]"
Added Component: Designator=D8(SOD80C_MFG)
Add component (AddParameter): Name = "Code"; Value = "2001-012"; VariantName = "[No Variations]"
Add component (AddParameter): Name = "Designed by"; Value = "Nhox"; VariantName = "[No Variations]"
Added Component: Designator=D9(D_SMA)
Add component (AddParameter): Name = "Code"; Value = "2005-008"; VariantName = "[No Variations]"
Added Component: Designator=D10(D_SMA)
Add component (AddParameter): Name = "Code"; Value = "2005-008"; VariantName = "[No Variations]"
Add component (AddParameter): Name = "Value"; Value = "SS34"; VariantName = "[No Variations]"
Added Component: Designator=JACK1(PJ-320A-PCB)
Added Component: Designator=L1(CDRH74)
Add component (AddParameter): Name = "Code"; Value = "1526-001"; VariantName = "[No Variations]"
Added Component: Designator=L2(CD53)
Add component (AddParameter): Name = "Code"; Value = "1523-012"; VariantName = "[No Variations]"
Added Component: Designator=LED1(LED 0805 Red)
Add component (AddParameter): Name = "Code"; Value = "8600-017"; VariantName = "[No Variations]"
Add component (AddParameter): Name = "Designed by"; Value = "TranLuyen"; VariantName = "[No Variations]"
Added Component: Designator=LED2(LED 0805 Blue)
Add component (AddParameter): Name = "Code"; Value = "8600-019"; VariantName = "[No Variations]"
Add component (AddParameter): Name = "Designed by"; Value = "TranLuyen"; VariantName = "[No Variations]"
Added Component: Designator=LED3(LED 0805 Blue)
Add component (AddParameter): Name = "Code"; Value = "8600-019"; VariantName = "[No Variations]"
Add component (AddParameter): Name = "Designed by"; Value = "TranLuyen"; VariantName = "[No Variations]"
Added Component: Designator=P1(XH2.54_2P)
Add component (AddParameter): Name = "Code"; Value = "3509-001"; VariantName = "[No Variations]"
Add component (AddParameter): Name = "ComponentLink1 Description"; Value = "Manufacturer"; VariantName = "[No Variations]"
Add component (AddParameter): Name = "ComponentLink1URL"; Value = "http://www.we-online.com"; VariantName = "[No Variations]"
Add component (AddParameter): Name = "ComponentLink2 Description"; Value = "Datasheet"; VariantName = "[No Variations]"
Add component (AddParameter): Name = "ComponentLink2URL"; Value = "http://katalog.we-online.de/em/datasheet/6130xx143121.pdf"; VariantName = "[No Variations]"
Added Component: Designator=P2(XH2.54_2P)
Add component (AddParameter): Name = "Code"; Value = "3509-001"; VariantName = "[No Variations]"
Add component (AddParameter): Name = "ComponentLink1 Description"; Value = "Manufacturer"; VariantName = "[No Variations]"
Add component (AddParameter): Name = "ComponentLink1URL"; Value = "http://www.we-online.com"; VariantName = "[No Variations]"
Add component (AddParameter): Name = "ComponentLink2 Description"; Value = "Datasheet"; VariantName = "[No Variations]"
Add component (AddParameter): Name = "ComponentLink2URL"; Value = "http://katalog.we-online.de/em/datasheet/6130xx143121.pdf"; VariantName = "[No Variations]"
Added Component: Designator=P3(KF128 5.08 2P)
Add component (AddParameter): Name = "Code"; Value = "3520-013"; VariantName = "[No Variations]"
Add component (AddParameter): Name = "ComponentLink1 Description"; Value = "Manufacturer"; VariantName = "[No Variations]"
Add component (AddParameter): Name = "ComponentLink1URL"; Value = "http://www.we-online.com"; VariantName = "[No Variations]"
Add component (AddParameter): Name = "ComponentLink2 Description"; Value = "Datasheet"; VariantName = "[No Variations]"
Add component (AddParameter): Name = "ComponentLink2URL"; Value = "http://katalog.we-online.de/em/datasheet/6911031100xx.pdf"; VariantName = "[No Variations]"
Add component (AddParameter): Name = "Designed by"; Value = "TranLuyen"; VariantName = "[No Variations]"
Added Component: Designator=P4(KF128 5.08 3P)
Add component (AddParameter): Name = "Code"; Value = "3520-014"; VariantName = "[No Variations]"
Add component (AddParameter): Name = "Designed by"; Value = "TranLuyen"; VariantName = "[No Variations]"
Added Component: Designator=P6(XH2.54_2P)
Add component (AddParameter): Name = "Code"; Value = "3509-001"; VariantName = "[No Variations]"
Add component (AddParameter): Name = "ComponentLink1 Description"; Value = "Manufacturer"; VariantName = "[No Variations]"
Add component (AddParameter): Name = "ComponentLink1URL"; Value = "http://www.we-online.com"; VariantName = "[No Variations]"
Add component (AddParameter): Name = "ComponentLink2 Description"; Value = "Datasheet"; VariantName = "[No Variations]"
Add component (AddParameter): Name = "ComponentLink2URL"; Value = "http://katalog.we-online.de/em/datasheet/6130xx143121.pdf"; VariantName = "[No Variations]"
Added Component: Designator=P7(XH2.54_2P)
Add component (AddParameter): Name = "Code"; Value = "3509-001"; VariantName = "[No Variations]"
Add component (AddParameter): Name = "ComponentLink1 Description"; Value = "Manufacturer"; VariantName = "[No Variations]"
Add component (AddParameter): Name = "ComponentLink1URL"; Value = "http://www.we-online.com"; VariantName = "[No Variations]"
Add component (AddParameter): Name = "ComponentLink2 Description"; Value = "Datasheet"; VariantName = "[No Variations]"
Add component (AddParameter): Name = "ComponentLink2URL"; Value = "http://katalog.we-online.de/em/datasheet/6130xx143121.pdf"; VariantName = "[No Variations]"
Added Component: Designator=P8(XH2.54_3P)
Add component (AddParameter): Name = "Code"; Value = "3509-002"; VariantName = "[No Variations]"
Added Component: Designator=P10(XH2.54_2P)
Add component (AddParameter): Name = "Code"; Value = "3509-001"; VariantName = "[No Variations]"
Add component (AddParameter): Name = "ComponentLink1 Description"; Value = "Manufacturer"; VariantName = "[No Variations]"
Add component (AddParameter): Name = "ComponentLink1URL"; Value = "http://www.we-online.com"; VariantName = "[No Variations]"
Add component (AddParameter): Name = "ComponentLink2 Description"; Value = "Datasheet"; VariantName = "[No Variations]"
Add component (AddParameter): Name = "ComponentLink2URL"; Value = "http://katalog.we-online.de/em/datasheet/6130xx143121.pdf"; VariantName = "[No Variations]"
Added Component: Designator=P11(XH2.54_2P)
Add component (AddParameter): Name = "Code"; Value = "3509-001"; VariantName = "[No Variations]"
Add component (AddParameter): Name = "ComponentLink1 Description"; Value = "Manufacturer"; VariantName = "[No Variations]"
Add component (AddParameter): Name = "ComponentLink1URL"; Value = "http://www.we-online.com"; VariantName = "[No Variations]"
Add component (AddParameter): Name = "ComponentLink2 Description"; Value = "Datasheet"; VariantName = "[No Variations]"
Add component (AddParameter): Name = "ComponentLink2URL"; Value = "http://katalog.we-online.de/em/datasheet/6130xx143121.pdf"; VariantName = "[No Variations]"
Added Component: Designator=P12(Header Code Nuvoton 2.54 6P)
Added Component: Designator=P13(XH2.54_2P)
Add component (AddParameter): Name = "Code"; Value = "3509-001"; VariantName = "[No Variations]"
Add component (AddParameter): Name = "ComponentLink1 Description"; Value = "Manufacturer"; VariantName = "[No Variations]"
Add component (AddParameter): Name = "ComponentLink1URL"; Value = "http://www.we-online.com"; VariantName = "[No Variations]"
Add component (AddParameter): Name = "ComponentLink2 Description"; Value = "Datasheet"; VariantName = "[No Variations]"
Add component (AddParameter): Name = "ComponentLink2URL"; Value = "http://katalog.we-online.de/em/datasheet/6130xx143121.pdf"; VariantName = "[No Variations]"
Added Component: Designator=P14(XH2.54_4P)
Add component (AddParameter): Name = "Code"; Value = "3509-003"; VariantName = "[No Variations]"
Added Component: Designator=P15(XH2.54_4P)
Add component (AddParameter): Name = "Code"; Value = "3509-003"; VariantName = "[No Variations]"
Added Component: Designator=PW(LED 0805 Red)
Add component (AddParameter): Name = "Code"; Value = "8600-017"; VariantName = "[No Variations]"
Add component (AddParameter): Name = "Designed by"; Value = "TranLuyen"; VariantName = "[No Variations]"
Added Component: Designator=Q1(SOT23_N NXP)
Add component (AddParameter): Name = "Code"; Value = "1701-070"; VariantName = "[No Variations]"
Added Component: Designator=Q2(SOT23_N NXP)
Add component (AddParameter): Name = "Code"; Value = "1701-070"; VariantName = "[No Variations]"
Added Component: Designator=Q3(SOT23_N NXP)
Add component (AddParameter): Name = "Code"; Value = "1901-0360"; VariantName = "[No Variations]"
Add component (AddParameter): Name = "Designed by"; Value = "Nhox"; VariantName = "[No Variations]"
Added Component: Designator=R1(RES-SMD-0805)
Add component (AddParameter): Name = "Code"; Value = "1024-111"; VariantName = "[No Variations]"
Added Component: Designator=R2(RES-SMD-0805)
Add component (AddParameter): Name = "Code"; Value = "1024-111"; VariantName = "[No Variations]"
Added Component: Designator=R3(RES-SMD-0805)
Add component (AddParameter): Name = "Code"; Value = "1025-063"; VariantName = "[No Variations]"
Added Component: Designator=R4(RES-SMD-0805)
Add component (AddParameter): Name = "Code"; Value = "1025-063"; VariantName = "[No Variations]"
Added Component: Designator=R5(RES-SMD-2512)
Add component (AddParameter): Name = "Code"; Value = "1032-005"; VariantName = "[No Variations]"
Added Component: Designator=R6(RES-SMD-0805)
Add component (AddParameter): Name = "Code"; Value = "1024-111"; VariantName = "[No Variations]"
Added Component: Designator=R7(RES-SMD-0805)
Add component (AddParameter): Name = "Code"; Value = "1024-094"; VariantName = "[No Variations]"
Added Component: Designator=R8(RES-SMD-0805)
Add component (AddParameter): Name = "Code"; Value = "1024-082"; VariantName = "[No Variations]"
Add component (AddParameter): Name = "Value"; Value = "680R"; VariantName = "[No Variations]"
Added Component: Designator=R9(RES-SMD-0805)
Add component (AddParameter): Name = "Code"; Value = "1024-111"; VariantName = "[No Variations]"
Added Component: Designator=R10(RES-SMD-0805)
Add component (AddParameter): Name = "Code"; Value = "1024-111"; VariantName = "[No Variations]"
Added Component: Designator=R11(RES-SMD-0805)
Add component (AddParameter): Name = "Code"; Value = "1024-094"; VariantName = "[No Variations]"
Added Component: Designator=R12(RES-SMD-0805)
Add component (AddParameter): Name = "Code"; Value = "1025-063"; VariantName = "[No Variations]"
Added Component: Designator=R13(RES-SMD-0805)
Add component (AddParameter): Name = "Code"; Value = "1025-063"; VariantName = "[No Variations]"
Added Component: Designator=R14(RES-SMD-0805)
Add component (AddParameter): Name = "Code"; Value = "1024-111"; VariantName = "[No Variations]"
Added Component: Designator=R15(RES-SMD-0805)
Add component (AddParameter): Name = "Code"; Value = "1024-111"; VariantName = "[No Variations]"
Added Component: Designator=R16(RES-SMD-0805)
Add component (AddParameter): Name = "Code"; Value = "1024-111"; VariantName = "[No Variations]"
Added Component: Designator=R17(RES-SMD-0805)
Add component (AddParameter): Name = "Code"; Value = "1024-094"; VariantName = "[No Variations]"
Added Component: Designator=R18(RES-SMD-0805)
Add component (AddParameter): Name = "Code"; Value = "1024-111"; VariantName = "[No Variations]"
Added Component: Designator=R19(RES-SMD-0805)
Add component (AddParameter): Name = "Code"; Value = "1025-063"; VariantName = "[No Variations]"
Added Component: Designator=R20(RES-SMD-0805)
Add component (AddParameter): Name = "Code"; Value = "1025-063"; VariantName = "[No Variations]"
Added Component: Designator=R21(RES-SMD-0805)
Add component (AddParameter): Name = "Code"; Value = "1024-086"; VariantName = "[No Variations]"
Added Component: Designator=R22(RES-SMD-0805)
Add component (AddParameter): Name = "Code"; Value = "1024-103"; VariantName = "[No Variations]"
Added Component: Designator=R23(RES-SMD-0805)
Add component (AddParameter): Name = "Code"; Value = "1024-094"; VariantName = "[No Variations]"
Added Component: Designator=R24(RES-SMD-0805)
Add component (AddParameter): Name = "Code"; Value = "1024-103"; VariantName = "[No Variations]"
Added Component: Designator=R25(RES-SMD-0805)
Add component (AddParameter): Name = "Code"; Value = "1024-094"; VariantName = "[No Variations]"
Added Component: Designator=R26(RES-SMD-0805)
Add component (AddParameter): Name = "Code"; Value = "1024-094"; VariantName = "[No Variations]"
Added Component: Designator=R27(RES-SMD-0805)
Add component (AddParameter): Name = "Code"; Value = "1024-111"; VariantName = "[No Variations]"
Added Component: Designator=R28(RES-SMD-0805)
Add component (AddParameter): Name = "Code"; Value = "1024-111"; VariantName = "[No Variations]"
Added Component: Designator=R29(RES-SMD-0805)
Add component (AddParameter): Name = "Code"; Value = "1024-111"; VariantName = "[No Variations]"
Added Component: Designator=R30(RES-SMD-0805)
Add component (AddParameter): Name = "Code"; Value = "1024-111"; VariantName = "[No Variations]"
Added Component: Designator=R31(RES-SMD-0805)
Add component (AddParameter): Name = "Code"; Value = "1024-111"; VariantName = "[No Variations]"
Added Component: Designator=R32(RES-SMD-0805)
Add component (AddParameter): Name = "Code"; Value = "1024-111"; VariantName = "[No Variations]"
Added Component: Designator=R33(RES-SMD-0805)
Add component (AddParameter): Name = "Code"; Value = "1024-111"; VariantName = "[No Variations]"
Added Component: Designator=R34(RES-SMD-0805)
Add component (AddParameter): Name = "Code"; Value = "1024-111"; VariantName = "[No Variations]"
Added Component: Designator=R35(RES-SMD-0805)
Add component (AddParameter): Name = "Code"; Value = "1024-094"; VariantName = "[No Variations]"
Added Component: Designator=R36(RES-SMD-0805)
Add component (AddParameter): Name = "Code"; Value = "1024-111"; VariantName = "[No Variations]"
Added Component: Designator=R37(RES-SMD-0805)
Add component (AddParameter): Name = "Code"; Value = "1024-111"; VariantName = "[No Variations]"
Added Component: Designator=R38(RES-SMD-0805)
Add component (AddParameter): Name = "Code"; Value = "1024-111"; VariantName = "[No Variations]"
Added Component: Designator=R39(RES-SMD-0805)
Add component (AddParameter): Name = "Code"; Value = "1024-111"; VariantName = "[No Variations]"
Added Component: Designator=RL1(Relay 5 pin SRA AL)
Add component (AddParameter): Name = "Code"; Value = "2401-001"; VariantName = "[No Variations]"
Added Component: Designator=SW1(SW4)
Add component (AddParameter): Name = "Code"; Value = "3610-003"; VariantName = "[No Variations]"
Added Component: Designator=SW2(SW4)
Add component (AddParameter): Name = "Code"; Value = "3610-003"; VariantName = "[No Variations]"
Added Component: Designator=U1(SOG65_20)
Add component (AddParameter): Name = "Code"; Value = "7201-019"; VariantName = "[No Variations]"
Add component (AddParameter): Name = "Designed by"; Value = "Nhox"; VariantName = "[No Variations]"
Added Component: Designator=U2(JQ6500 md)
Add component (AddParameter): Name = "Code"; Value = "7006-050"; VariantName = "[No Variations]"
Added Component: Designator=UN1(SO_8)
Add component (AddParameter): Name = "Code"; Value = "5015-078"; VariantName = "[No Variations]"
Add component (AddParameter): Name = "ComponentLink1Description"; Value = "Datasheet"; VariantName = "[No Variations]"
Add component (AddParameter): Name = "ComponentLink1URL"; Value = "http://www.ti.com/lit/ds/symlink/mc33063a.pdf?src-supplier=Digi-Key"; VariantName = "[No Variations]"
Add component (AddParameter): Name = "Designed by"; Value = "TranLuyen"; VariantName = "[No Variations]"
Added Pin To Net: NetName=GND Pin=C1-2
Added Pin To Net: NetName=GND Pin=C2-2
Added Pin To Net: NetName=AIN0 Pin=C5-1
Added Pin To Net: NetName=AIN1 Pin=C6-1
Added Pin To Net: NetName=GND Pin=C7-1
Added Pin To Net: NetName=NetC7_2 Pin=C7-2
Added Pin To Net: NetName=NetC8_1 Pin=C8-1
Added Pin To Net: NetName=GND Pin=C8-2
Added Pin To Net: NetName=GND Pin=C9-1
Added Pin To Net: NetName=NetC8_1 Pin=C9-2
Added Pin To Net: NetName=+5 Pin=C10-1
Added Pin To Net: NetName=GND Pin=C10-2
Added Pin To Net: NetName=+5 Pin=C11-1
Added Pin To Net: NetName=GND Pin=C11-2
Added Pin To Net: NetName=AIN2 Pin=C14-1
Added Pin To Net: NetName=AIN3 Pin=C15-1
Added Pin To Net: NetName=NetC16_1 Pin=C16-1
Added Pin To Net: NetName=NetC16_2 Pin=C16-2
Added Pin To Net: NetName=NetC17_1 Pin=C17-1
Added Pin To Net: NetName=NetC17_2 Pin=C17-2
Added Pin To Net: NetName=AIN4 Pin=C18-1
Added Pin To Net: NetName=NetC16_2 Pin=C18-2
Added Pin To Net: NetName=AIN5 Pin=C19-1
Added Pin To Net: NetName=NetC17_2 Pin=C19-2
Added Pin To Net: NetName=GND Pin=C20-2
Added Pin To Net: NetName=+5 Pin=C21-1
Added Pin To Net: NetName=GND Pin=C21-2
Added Pin To Net: NetName=+5 Pin=C22-1
Added Pin To Net: NetName=GND Pin=C22-2
Added Pin To Net: NetName=NetC23_2 Pin=C23-2
Added Pin To Net: NetName=GND Pin=C26-1
Added Pin To Net: NetName=GND Pin=C27-1
Added Pin To Net: NetName=GND Pin=C28-1
Added Pin To Net: NetName=GND Pin=C29-1
Added Pin To Net: NetName=GND Pin=C30-2
Added Pin To Net: NetName=GND Pin=C31-2
Added Pin To Net: NetName=GND Pin=C32-2
Added Pin To Net: NetName=GND Pin=C33-2
Added Pin To Net: NetName=GND Pin=D2-1
Added Pin To Net: NetName=+Vin Pin=D3-1
Added Pin To Net: NetName=NetC8_1 Pin=D3-2
Added Pin To Net: NetName=GND Pin=D4-1
Added Pin To Net: NetName=NetC8_1 Pin=D5-1
Added Pin To Net: NetName=GND Pin=D5-2
Added Pin To Net: NetName=+5 Pin=D6-2
Added Pin To Net: NetName=GND Pin=JACK1-3
Added Pin To Net: NetName=+5 Pin=LED1-1
Added Pin To Net: NetName=NetLED1_2 Pin=LED1-2
Added Pin To Net: NetName=+5 Pin=LED2-1
Added Pin To Net: NetName=GND Pin=P3-1
Added Pin To Net: NetName=+Vin Pin=P3-2
Added Pin To Net: NetName=NetP4_2 Pin=P4-2
Added Pin To Net: NetName=+5 Pin=P8-1
Added Pin To Net: NetName=GND Pin=P8-2
Added Pin To Net: NetName=NetC16_1 Pin=P10-1
Added Pin To Net: NetName=NetC16_2 Pin=P10-2
Added Pin To Net: NetName=NetC17_1 Pin=P11-1
Added Pin To Net: NetName=NetC17_2 Pin=P11-2
Added Pin To Net: NetName=+5 Pin=P12-1
Added Pin To Net: NetName=ICP_DA Pin=P12-3
Added Pin To Net: NetName=ICP_CLK Pin=P12-4
Added Pin To Net: NetName=RST Pin=P12-5
Added Pin To Net: NetName=GND Pin=P12-6
Added Pin To Net: NetName=+5 Pin=P14-3
Added Pin To Net: NetName=GND Pin=P14-4
Added Pin To Net: NetName=SCL Pin=P15-1
Added Pin To Net: NetName=SDA Pin=P15-2
Added Pin To Net: NetName=+5 Pin=P15-3
Added Pin To Net: NetName=GND Pin=P15-4
Added Pin To Net: NetName=GND Pin=PW-2
Added Pin To Net: NetName=GND Pin=Q1-2
Added Pin To Net: NetName=NetQ2_1 Pin=Q2-1
Added Pin To Net: NetName=GND Pin=Q2-2
Added Pin To Net: NetName=PWM Pin=Q3-1
Added Pin To Net: NetName=GND Pin=Q3-2
Added Pin To Net: NetName=+5 Pin=R1-1
Added Pin To Net: NetName=+5 Pin=R2-1
Added Pin To Net: NetName=AIN0 Pin=R3-2
Added Pin To Net: NetName=AIN1 Pin=R4-2
Added Pin To Net: NetName=NetR5_1 Pin=R5-1
Added Pin To Net: NetName=NetC8_1 Pin=R5-2
Added Pin To Net: NetName=+Vin Pin=R6-1
Added Pin To Net: NetName=GND Pin=R8-2
Added Pin To Net: NetName=+5 Pin=R9-1
Added Pin To Net: NetName=+5 Pin=R10-1
Added Pin To Net: NetName=NetLED1_2 Pin=R11-1
Added Pin To Net: NetName=GND Pin=R11-2
Added Pin To Net: NetName=AIN2 Pin=R12-2
Added Pin To Net: NetName=AIN3 Pin=R13-2
Added Pin To Net: NetName=+5 Pin=R14-1
Added Pin To Net: NetName=+5 Pin=R15-1
Added Pin To Net: NetName=NetC16_1 Pin=R15-2
Added Pin To Net: NetName=+5 Pin=R16-1
Added Pin To Net: NetName=NetC17_1 Pin=R16-2
Added Pin To Net: NetName=+5 Pin=R18-1
Added Pin To Net: NetName=RST Pin=R18-2
Added Pin To Net: NetName=NetC16_1 Pin=R19-1
Added Pin To Net: NetName=AIN4 Pin=R19-2
Added Pin To Net: NetName=NetC17_1 Pin=R20-1
Added Pin To Net: NetName=AIN5 Pin=R20-2
Added Pin To Net: NetName=NetC23_2 Pin=R22-1
Added Pin To Net: NetName=NetQ2_1 Pin=R26-1
Added Pin To Net: NetName=RELAY 1 Pin=R26-2
Added Pin To Net: NetName=GND Pin=R27-2
Added Pin To Net: NetName=GND Pin=R28-2
Added Pin To Net: NetName=GND Pin=R29-1
Added Pin To Net: NetName=GND Pin=R30-1
Added Pin To Net: NetName=NetQ2_1 Pin=R30-2
Added Pin To Net: NetName=+5 Pin=R31-1
Added Pin To Net: NetName=RST Pin=R31-2
Added Pin To Net: NetName=+5 Pin=R32-1
Added Pin To Net: NetName=ICP_CLK Pin=R32-2
Added Pin To Net: NetName=PWM Pin=R34-1
Added Pin To Net: NetName=GND Pin=R34-2
Added Pin To Net: NetName=GND Pin=R35-2
Added Pin To Net: NetName=SDA Pin=R36-1
Added Pin To Net: NetName=+5 Pin=R36-2
Added Pin To Net: NetName=+5 Pin=R37-2
Added Pin To Net: NetName=SCL Pin=R38-1
Added Pin To Net: NetName=+5 Pin=R38-2
Added Pin To Net: NetName=+5 Pin=R39-2
Added Pin To Net: NetName=NetP4_2 Pin=RL1-1
Added Pin To Net: NetName=RST Pin=SW1-1
Added Pin To Net: NetName=GND Pin=SW1-2
Added Pin To Net: NetName=GND Pin=SW1-3
Added Pin To Net: NetName=RST Pin=SW1-4
Added Pin To Net: NetName=ICP_CLK Pin=SW2-1
Added Pin To Net: NetName=GND Pin=SW2-2
Added Pin To Net: NetName=GND Pin=SW2-3
Added Pin To Net: NetName=ICP_CLK Pin=SW2-4
Added Pin To Net: NetName=AIN4 Pin=U1-1
Added Pin To Net: NetName=AIN3 Pin=U1-2
Added Pin To Net: NetName=AIN2 Pin=U1-3
Added Pin To Net: NetName=RST Pin=U1-4
Added Pin To Net: NetName=AIN1 Pin=U1-5
Added Pin To Net: NetName=AIN0 Pin=U1-6
Added Pin To Net: NetName=GND Pin=U1-7
Added Pin To Net: NetName=ICP_DA Pin=U1-8
Added Pin To Net: NetName=+5 Pin=U1-9
Added Pin To Net: NetName=SDA Pin=U1-11
Added Pin To Net: NetName=SCL Pin=U1-12
Added Pin To Net: NetName=RELAY 1 Pin=U1-16
Added Pin To Net: NetName=PWM Pin=U1-17
Added Pin To Net: NetName=ICP_CLK Pin=U1-18
Added Pin To Net: NetName=AIN5 Pin=U1-20
Added Pin To Net: NetName=ICP_DA Pin=U2-1
Added Pin To Net: NetName=GND Pin=U2-6
Added Pin To Net: NetName=GND Pin=U2-11
Added Pin To Net: NetName=NetR5_1 Pin=UN1-1
Added Pin To Net: NetName=NetC7_2 Pin=UN1-3
Added Pin To Net: NetName=GND Pin=UN1-4
Added Pin To Net: NetName=NetC8_1 Pin=UN1-6
Added Pin To Net: NetName=NetR5_1 Pin=UN1-7
Added Pin To Net: NetName=NetR5_1 Pin=UN1-8
Added Pin To Net: NetName=+5BUZZER Pin=C26-2
Added Pin To Net: NetName=+5BUZZER Pin=C32-1
Added Pin To Net: NetName=+5BUZZER Pin=C33-1
Added Pin To Net: NetName=+5BUZZER Pin=D10-2
Added Pin To Net: NetName=+5BUZZER Pin=L2-1
Added Pin To Net: NetName=+5BUZZER Pin=U2-12
Added Net: Name=+5BUZZER
Added Pin To Net: NetName=+5FB Pin=C30-1
Added Pin To Net: NetName=+5FB Pin=C31-1
Added Pin To Net: NetName=+5FB Pin=D1-1
Added Pin To Net: NetName=+5FB Pin=D6-1
Added Pin To Net: NetName=+5FB Pin=D10-1
Added Pin To Net: NetName=+5FB Pin=L1-2
Added Pin To Net: NetName=+5FB Pin=R7-1
Added Net: Name=+5FB
Added Pin To Net: NetName=+5RL Pin=C1-1
Added Pin To Net: NetName=+5RL Pin=C2-1
Added Pin To Net: NetName=+5RL Pin=D1-2
Added Pin To Net: NetName=+5RL Pin=D2-2
Added Pin To Net: NetName=+5RL Pin=D8-1
Added Pin To Net: NetName=+5RL Pin=LED3-1
Added Pin To Net: NetName=+5RL Pin=RL1-5
Added Net: Name=+5RL
Added Pin To Net: NetName=+PWM_BUZ Pin=C27-2
Added Pin To Net: NetName=+PWM_BUZ Pin=C28-2
Added Pin To Net: NetName=+PWM_BUZ Pin=D7-1
Added Pin To Net: NetName=+PWM_BUZ Pin=D9-2
Added Pin To Net: NetName=+PWM_BUZ Pin=P13-1
Added Pin To Net: NetName=+PWM_BUZ Pin=R33-1
Added Net: Name=+PWM_BUZ
Added Pin To Net: NetName=CAM_BIEN_TU Pin=R21-1
Added Pin To Net: NetName=CAM_BIEN_TU Pin=U1-13
Added Net: Name=CAM_BIEN_TU
Added Pin To Net: NetName=FB_BUZ Pin=C29-2
Added Pin To Net: NetName=FB_BUZ Pin=R33-2
Added Pin To Net: NetName=FB_BUZ Pin=R35-1
Added Pin To Net: NetName=FB_BUZ Pin=U1-19
Added Net: Name=FB_BUZ
Added Pin To Net: NetName=NetC3_1 Pin=C3-1
Added Pin To Net: NetName=NetC3_1 Pin=P1-1
Added Pin To Net: NetName=NetC3_1 Pin=R1-2
Added Pin To Net: NetName=NetC3_1 Pin=R3-1
Added Net: Name=NetC3_1
Added Pin To Net: NetName=NetC3_2 Pin=C3-2
Added Pin To Net: NetName=NetC3_2 Pin=C5-2
Added Pin To Net: NetName=NetC3_2 Pin=P1-2
Added Net: Name=NetC3_2
Added Pin To Net: NetName=NetC4_1 Pin=C4-1
Added Pin To Net: NetName=NetC4_1 Pin=P2-1
Added Pin To Net: NetName=NetC4_1 Pin=R2-2
Added Pin To Net: NetName=NetC4_1 Pin=R4-1
Added Net: Name=NetC4_1
Added Pin To Net: NetName=NetC4_2 Pin=C4-2
Added Pin To Net: NetName=NetC4_2 Pin=C6-2
Added Pin To Net: NetName=NetC4_2 Pin=P2-2
Added Net: Name=NetC4_2
Added Pin To Net: NetName=NetC12_1 Pin=C12-1
Added Pin To Net: NetName=NetC12_1 Pin=P6-1
Added Pin To Net: NetName=NetC12_1 Pin=R9-2
Added Pin To Net: NetName=NetC12_1 Pin=R12-1
Added Net: Name=NetC12_1
Added Pin To Net: NetName=NetC12_2 Pin=C12-2
Added Pin To Net: NetName=NetC12_2 Pin=C14-2
Added Pin To Net: NetName=NetC12_2 Pin=P6-2
Added Net: Name=NetC12_2
Added Pin To Net: NetName=NetC13_1 Pin=C13-1
Added Pin To Net: NetName=NetC13_1 Pin=P7-1
Added Pin To Net: NetName=NetC13_1 Pin=R10-2
Added Pin To Net: NetName=NetC13_1 Pin=R13-1
Added Net: Name=NetC13_1
Added Pin To Net: NetName=NetC13_2 Pin=C13-2
Added Pin To Net: NetName=NetC13_2 Pin=C15-2
Added Pin To Net: NetName=NetC13_2 Pin=P7-2
Added Net: Name=NetC13_2
Added Pin To Net: NetName=NetC20_1 Pin=C20-1
Added Pin To Net: NetName=NetC20_1 Pin=P8-3
Added Pin To Net: NetName=NetC20_1 Pin=R14-2
Added Pin To Net: NetName=NetC20_1 Pin=R17-2
Added Pin To Net: NetName=NetC20_1 Pin=R21-2
Added Net: Name=NetC20_1
Added Pin To Net: NetName=NetC23_1 Pin=C23-1
Added Pin To Net: NetName=NetC23_1 Pin=JACK1-1
Added Pin To Net: NetName=NetC23_1 Pin=R27-1
Added Net: Name=NetC23_1
Added Pin To Net: NetName=NetC24_1 Pin=C24-1
Added Pin To Net: NetName=NetC24_1 Pin=JACK1-2
Added Pin To Net: NetName=NetC24_1 Pin=R28-1
Added Net: Name=NetC24_1
Added Pin To Net: NetName=NetC24_2 Pin=C24-2
Added Pin To Net: NetName=NetC24_2 Pin=R24-1
Added Net: Name=NetC24_2
Added Pin To Net: NetName=NetD4_2 Pin=D4-2
Added Pin To Net: NetName=NetD4_2 Pin=L1-1
Added Pin To Net: NetName=NetD4_2 Pin=UN1-2
Added Net: Name=NetD4_2
Added Pin To Net: NetName=NetD7_2 Pin=D7-2
Added Pin To Net: NetName=NetD7_2 Pin=P13-2
Added Pin To Net: NetName=NetD7_2 Pin=Q1-3
Added Net: Name=NetD7_2
Added Pin To Net: NetName=NetD8_2 Pin=D8-2
Added Pin To Net: NetName=NetD8_2 Pin=Q2-3
Added Pin To Net: NetName=NetD8_2 Pin=R23-2
Added Pin To Net: NetName=NetD8_2 Pin=RL1-4
Added Net: Name=NetD8_2
Added Pin To Net: NetName=NetD9_1 Pin=D9-1
Added Pin To Net: NetName=NetD9_1 Pin=L2-2
Added Pin To Net: NetName=NetD9_1 Pin=Q3-3
Added Net: Name=NetD9_1
Added Pin To Net: NetName=NetLED2_2 Pin=LED2-2
Added Pin To Net: NetName=NetLED2_2 Pin=R17-1
Added Net: Name=NetLED2_2
Added Pin To Net: NetName=NetLED3_2 Pin=LED3-2
Added Pin To Net: NetName=NetLED3_2 Pin=R23-1
Added Net: Name=NetLED3_2
Added Pin To Net: NetName=NetP4_1 Pin=P4-1
Added Pin To Net: NetName=NetP4_1 Pin=RL1-2
Added Net: Name=NetP4_1
Added Pin To Net: NetName=NetP4_3 Pin=P4-3
Added Pin To Net: NetName=NetP4_3 Pin=RL1-3
Added Net: Name=NetP4_3
Added Pin To Net: NetName=NetPW_1 Pin=PW-1
Added Pin To Net: NetName=NetPW_1 Pin=R6-2
Added Net: Name=NetPW_1
Added Pin To Net: NetName=NetQ1_1 Pin=Q1-1
Added Pin To Net: NetName=NetQ1_1 Pin=R25-1
Added Pin To Net: NetName=NetQ1_1 Pin=R29-2
Added Net: Name=NetQ1_1
Added Pin To Net: NetName=NetR7_2 Pin=R7-2
Added Pin To Net: NetName=NetR7_2 Pin=R8-1
Added Pin To Net: NetName=NetR7_2 Pin=UN1-5
Added Net: Name=NetR7_2
Added Pin To Net: NetName=NetR22_2 Pin=R22-2
Added Pin To Net: NetName=NetR22_2 Pin=U2-14
Added Net: Name=NetR22_2
Added Pin To Net: NetName=NetR24_2 Pin=R24-2
Added Pin To Net: NetName=NetR24_2 Pin=U2-13
Added Net: Name=NetR24_2
Added Pin To Net: NetName=Q1_BUZ Pin=R25-2
Added Pin To Net: NetName=Q1_BUZ Pin=U1-10
Added Net: Name=Q1_BUZ
Added Pin To Net: NetName=SCK_NUTNHAN Pin=P14-1
Added Pin To Net: NetName=SCK_NUTNHAN Pin=R39-1
Added Pin To Net: NetName=SCK_NUTNHAN Pin=U1-15
Added Net: Name=SCK_NUTNHAN
Added Pin To Net: NetName=SDA_NUTNHAN Pin=P14-2
Added Pin To Net: NetName=SDA_NUTNHAN Pin=R37-1
Added Pin To Net: NetName=SDA_NUTNHAN Pin=U1-14
Added Net: Name=SDA_NUTNHAN
Added Member To Class: ClassName=schematic Member=Component C1 100uF/35V
Added Member To Class: ClassName=schematic Member=Component C2 104
Added Member To Class: ClassName=schematic Member=Component C3 47uF/25V
Added Member To Class: ClassName=schematic Member=Component C4 47uF/25V
Added Member To Class: ClassName=schematic Member=Component C5 104
Added Member To Class: ClassName=schematic Member=Component C6 104
Added Member To Class: ClassName=schematic Member=Component C7 470pF/50V
Added Member To Class: ClassName=schematic Member=Component C8 470uF/35V
Added Member To Class: ClassName=schematic Member=Component C9 104
Added Member To Class: ClassName=schematic Member=Component C10 220uF/35V
Added Member To Class: ClassName=schematic Member=Component C11 104
Added Member To Class: ClassName=schematic Member=Component C12 47uF/25V
Added Member To Class: ClassName=schematic Member=Component C13 47uF/25V
Added Member To Class: ClassName=schematic Member=Component C14 104
Added Member To Class: ClassName=schematic Member=Component C15 104
Added Member To Class: ClassName=schematic Member=Component C16 47uF/25V
Added Member To Class: ClassName=schematic Member=Component C17 47uF/25V
Added Member To Class: ClassName=schematic Member=Component C18 104
Added Member To Class: ClassName=schematic Member=Component C19 104
Added Member To Class: ClassName=schematic Member=Component C20 104
Added Member To Class: ClassName=schematic Member=Component C21 10uF/25V
Added Member To Class: ClassName=schematic Member=Component C22 104
Added Member To Class: ClassName=schematic Member=Component C23 1uF/50V
Added Member To Class: ClassName=schematic Member=Component C24 1uF/50V
Added Member To Class: ClassName=schematic Member=Component C26 47pF/50V
Added Member To Class: ClassName=schematic Member=Component C27 104
Added Member To Class: ClassName=schematic Member=Component C28 47pF/50V
Added Member To Class: ClassName=schematic Member=Component C29 104
Added Member To Class: ClassName=schematic Member=Component C30 220uF/35V
Added Member To Class: ClassName=schematic Member=Component C31 104
Added Member To Class: ClassName=schematic Member=Component C32 100uF/35V
Added Member To Class: ClassName=schematic Member=Component C33 104
Added Member To Class: ClassName=schematic Member=Component D1 SS34
Added Member To Class: ClassName=schematic Member=Component D2 SMAJ5.0A
Added Member To Class: ClassName=schematic Member=Component D3 SS34
Added Member To Class: ClassName=schematic Member=Component D4 SS34
Added Member To Class: ClassName=schematic Member=Component D5 SMAJ24A
Added Member To Class: ClassName=schematic Member=Component D6 SS34
Added Member To Class: ClassName=schematic Member=Component D7 LL4148
Added Member To Class: ClassName=schematic Member=Component D8 LL4148
Added Member To Class: ClassName=schematic Member=Component D9 SS34
Added Member To Class: ClassName=schematic Member=Component D10 SS34
Added Member To Class: ClassName=schematic Member=Component JACK1 PJ-313 3.5mm
Added Member To Class: ClassName=schematic Member=Component L1 220uH
Added Member To Class: ClassName=schematic Member=Component L2 4.7uH
Added Member To Class: ClassName=schematic Member=Component LED1 LED RED
Added Member To Class: ClassName=schematic Member=Component LED2 LED BLUE
Added Member To Class: ClassName=schematic Member=Component LED3 LED BLUE
Added Member To Class: ClassName=schematic Member=Component P1 XH2.54 2P
Added Member To Class: ClassName=schematic Member=Component P2 XH2.54 2P
Added Member To Class: ClassName=schematic Member=Component P3 KF128 2P
Added Member To Class: ClassName=schematic Member=Component P4 KF128 3P
Added Member To Class: ClassName=schematic Member=Component P6 XH2.54 2P
Added Member To Class: ClassName=schematic Member=Component P7 XH2.54 2P
Added Member To Class: ClassName=schematic Member=Component P8 XH2.54 3P
Added Member To Class: ClassName=schematic Member=Component P10 XH2.54 2P
Added Member To Class: ClassName=schematic Member=Component P11 XH2.54 2P
Added Member To Class: ClassName=schematic Member=Component P12 Nuvoton
Added Member To Class: ClassName=schematic Member=Component P13 XH2.54 2P
Added Member To Class: ClassName=schematic Member=Component P14 XH2.54 4P
Added Member To Class: ClassName=schematic Member=Component P15 XH2.54 4P
Added Member To Class: ClassName=schematic Member=Component PW LED RED
Added Member To Class: ClassName=schematic Member=Component Q1 S8050
Added Member To Class: ClassName=schematic Member=Component Q2 S8050
Added Member To Class: ClassName=schematic Member=Component Q3 AO3400
Added Member To Class: ClassName=schematic Member=Component R1 10K
Added Member To Class: ClassName=schematic Member=Component R2 10K
Added Member To Class: ClassName=schematic Member=Component R3 100R
Added Member To Class: ClassName=schematic Member=Component R4 100R
Added Member To Class: ClassName=schematic Member=Component R5 0.22R/1W
Added Member To Class: ClassName=schematic Member=Component R6 10K
Added Member To Class: ClassName=schematic Member=Component R7 2.2k
Added Member To Class: ClassName=schematic Member=Component R8 680R
Added Member To Class: ClassName=schematic Member=Component R9 10K
Added Member To Class: ClassName=schematic Member=Component R10 10K
Added Member To Class: ClassName=schematic Member=Component R11 2.2k
Added Member To Class: ClassName=schematic Member=Component R12 100R
Added Member To Class: ClassName=schematic Member=Component R13 100R
Added Member To Class: ClassName=schematic Member=Component R14 10K
Added Member To Class: ClassName=schematic Member=Component R15 10K
Added Member To Class: ClassName=schematic Member=Component R16 10K
Added Member To Class: ClassName=schematic Member=Component R17 2.2k
Added Member To Class: ClassName=schematic Member=Component R18 10K
Added Member To Class: ClassName=schematic Member=Component R19 100R
Added Member To Class: ClassName=schematic Member=Component R20 100R
Added Member To Class: ClassName=schematic Member=Component R21 1k
Added Member To Class: ClassName=schematic Member=Component R22 4.7K
Added Member To Class: ClassName=schematic Member=Component R23 2.2k
Added Member To Class: ClassName=schematic Member=Component R24 4.7K
Added Member To Class: ClassName=schematic Member=Component R25 2.2k
Added Member To Class: ClassName=schematic Member=Component R26 2.2k
Added Member To Class: ClassName=schematic Member=Component R27 10K
Added Member To Class: ClassName=schematic Member=Component R28 10K
Added Member To Class: ClassName=schematic Member=Component R29 10K
Added Member To Class: ClassName=schematic Member=Component R30 10K
Added Member To Class: ClassName=schematic Member=Component R31 10K
Added Member To Class: ClassName=schematic Member=Component R32 10K
Added Member To Class: ClassName=schematic Member=Component R33 10K
Added Member To Class: ClassName=schematic Member=Component R34 10K
Added Member To Class: ClassName=schematic Member=Component R35 2.2k
Added Member To Class: ClassName=schematic Member=Component R36 10K
Added Member To Class: ClassName=schematic Member=Component R37 10K
Added Member To Class: ClassName=schematic Member=Component R38 10K
Added Member To Class: ClassName=schematic Member=Component R39 10K
Added Member To Class: ClassName=schematic Member=Component RL1 Relay 20A/5V
Added Member To Class: ClassName=schematic Member=Component SW1 BT4
Added Member To Class: ClassName=schematic Member=Component SW2 BT4
Added Member To Class: ClassName=schematic Member=Component U1 MS51FB9AE
Added Member To Class: ClassName=schematic Member=Component U2 JQ6500
Added Member To Class: ClassName=schematic Member=Component UN1 MC34063ADR
