Change Component Designator: Old Designator=C20 New Designator=C21
Change Component Designator: Old Designator=C21 New Designator=C23
Change Component Designator: Old Designator=C22 New Designator=C24
Change Component Designator: Old Designator=C23 New Designator=C25
Change Component Designator: Old Designator=C24 New Designator=C26
Change Component Designator: Old Designator=C25 New Designator=C27
Change Component Designator: Old Designator=C? New Designator=C20
Change Component Designator: Old Designator=C? New Designator=C22
Change Component Designator: Old Designator=D4 New Designator=D5
Change Component Designator: Old Designator=D5 New Designator=D4
Change Component Designator: Old Designator=JACK? New Designator=JACK1
Change Component Designator: Old Designator=Q1 New Designator=Q2
Change Component Designator: Old Designator=Q2 New Designator=Q1
Change Component Designator: Old Designator=R20 New Designator=R23
Change Component Designator: Old Designator=R21 New Designator=R28
Change Component Designator: Old Designator=R22 New Designator=R31
Change Component Designator: Old Designator=R23 New Designator=R29
Change Component Designator: Old Designator=R24 New Designator=R21
Change Component Designator: Old Designator=R25 New Designator=R32
Change Component Designator: Old Designator=R26 New Designator=R30
Change Component Designator: Old Designator=R27 New Designator=R24
Change Component Designator: Old Designator=R28 New Designator=R27
Change Component Designator: Old Designator=R? New Designator=R20
Change Component Designator: Old Designator=R? New Designator=R22
Change Component Designator: Old Designator=R? New Designator=R25
Change Component Designator: Old Designator=R? New Designator=R26
